<?xml version="1.0" encoding="UTF-8"?>
<testsuite name="com.github.fullstacktester.testrail.models.SuiteTest" tests="2" skipped="0" failures="0" errors="0" timestamp="2021-07-14T14:27:16" hostname="SBGML02898" time="0.008">
  <properties/>
  <testcase name="Can deserialize from JSON()" classname="com.github.fullstacktester.testrail.models.SuiteTest" time="0.005"/>
  <testcase name="Can serialize to JSON()" classname="com.github.fullstacktester.testrail.models.SuiteTest" time="0.002"/>
  <system-out><![CDATA[]]></system-out>
  <system-err><![CDATA[]]></system-err>
</testsuite>
